                                      1 ;--------------------------------------------------------
                                      2 ; File Created by SDCC : free open source ANSI-C Compiler
                                      3 ; Version 4.0.0 #11528 (Linux)
                                      4 ;--------------------------------------------------------
                                      5 	.module interrupts
                                      6 	.optsdcc -mmcs51 --model-large
                                      7 	
                                      8 ;--------------------------------------------------------
                                      9 ; Public variables in this module
                                     10 ;--------------------------------------------------------
                                     11 	.globl _CY
                                     12 	.globl _AC
                                     13 	.globl _F0
                                     14 	.globl _RS1
                                     15 	.globl _RS0
                                     16 	.globl _OV
                                     17 	.globl _F1
                                     18 	.globl _P
                                     19 	.globl _PS
                                     20 	.globl _PT1
                                     21 	.globl _PX1
                                     22 	.globl _PT0
                                     23 	.globl _PX0
                                     24 	.globl _RD
                                     25 	.globl _WR
                                     26 	.globl _T1
                                     27 	.globl _T0
                                     28 	.globl _INT1
                                     29 	.globl _INT0
                                     30 	.globl _TXD
                                     31 	.globl _RXD
                                     32 	.globl _P3_7
                                     33 	.globl _P3_6
                                     34 	.globl _P3_5
                                     35 	.globl _P3_4
                                     36 	.globl _P3_3
                                     37 	.globl _P3_2
                                     38 	.globl _P3_1
                                     39 	.globl _P3_0
                                     40 	.globl _EA
                                     41 	.globl _ES
                                     42 	.globl _ET1
                                     43 	.globl _EX1
                                     44 	.globl _ET0
                                     45 	.globl _EX0
                                     46 	.globl _P2_7
                                     47 	.globl _P2_6
                                     48 	.globl _P2_5
                                     49 	.globl _P2_4
                                     50 	.globl _P2_3
                                     51 	.globl _P2_2
                                     52 	.globl _P2_1
                                     53 	.globl _P2_0
                                     54 	.globl _SM0
                                     55 	.globl _SM1
                                     56 	.globl _SM2
                                     57 	.globl _REN
                                     58 	.globl _TB8
                                     59 	.globl _RB8
                                     60 	.globl _TI
                                     61 	.globl _RI
                                     62 	.globl _P1_7
                                     63 	.globl _P1_6
                                     64 	.globl _P1_5
                                     65 	.globl _P1_4
                                     66 	.globl _P1_3
                                     67 	.globl _P1_2
                                     68 	.globl _P1_1
                                     69 	.globl _P1_0
                                     70 	.globl _TF1
                                     71 	.globl _TR1
                                     72 	.globl _TF0
                                     73 	.globl _TR0
                                     74 	.globl _IE1
                                     75 	.globl _IT1
                                     76 	.globl _IE0
                                     77 	.globl _IT0
                                     78 	.globl _P0_7
                                     79 	.globl _P0_6
                                     80 	.globl _P0_5
                                     81 	.globl _P0_4
                                     82 	.globl _P0_3
                                     83 	.globl _P0_2
                                     84 	.globl _P0_1
                                     85 	.globl _P0_0
                                     86 	.globl _B
                                     87 	.globl _ACC
                                     88 	.globl _PSW
                                     89 	.globl _IP
                                     90 	.globl _P3
                                     91 	.globl _IE
                                     92 	.globl _P2
                                     93 	.globl _SBUF
                                     94 	.globl _SCON
                                     95 	.globl _P1
                                     96 	.globl _TH1
                                     97 	.globl _TH0
                                     98 	.globl _TL1
                                     99 	.globl _TL0
                                    100 	.globl _TMOD
                                    101 	.globl _TCON
                                    102 	.globl _PCON
                                    103 	.globl _DPH
                                    104 	.globl _DPL
                                    105 	.globl _SP
                                    106 	.globl _P0
                                    107 	.globl _init_ext_interrupt
                                    108 	.globl _timer_init
                                    109 	.globl _disable_irq
                                    110 	.globl _enable_irq
                                    111 ;--------------------------------------------------------
                                    112 ; special function registers
                                    113 ;--------------------------------------------------------
                                    114 	.area RSEG    (ABS,DATA)
      000000                        115 	.org 0x0000
                           000080   116 _P0	=	0x0080
                           000081   117 _SP	=	0x0081
                           000082   118 _DPL	=	0x0082
                           000083   119 _DPH	=	0x0083
                           000087   120 _PCON	=	0x0087
                           000088   121 _TCON	=	0x0088
                           000089   122 _TMOD	=	0x0089
                           00008A   123 _TL0	=	0x008a
                           00008B   124 _TL1	=	0x008b
                           00008C   125 _TH0	=	0x008c
                           00008D   126 _TH1	=	0x008d
                           000090   127 _P1	=	0x0090
                           000098   128 _SCON	=	0x0098
                           000099   129 _SBUF	=	0x0099
                           0000A0   130 _P2	=	0x00a0
                           0000A8   131 _IE	=	0x00a8
                           0000B0   132 _P3	=	0x00b0
                           0000B8   133 _IP	=	0x00b8
                           0000D0   134 _PSW	=	0x00d0
                           0000E0   135 _ACC	=	0x00e0
                           0000F0   136 _B	=	0x00f0
                                    137 ;--------------------------------------------------------
                                    138 ; special function bits
                                    139 ;--------------------------------------------------------
                                    140 	.area RSEG    (ABS,DATA)
      000000                        141 	.org 0x0000
                           000080   142 _P0_0	=	0x0080
                           000081   143 _P0_1	=	0x0081
                           000082   144 _P0_2	=	0x0082
                           000083   145 _P0_3	=	0x0083
                           000084   146 _P0_4	=	0x0084
                           000085   147 _P0_5	=	0x0085
                           000086   148 _P0_6	=	0x0086
                           000087   149 _P0_7	=	0x0087
                           000088   150 _IT0	=	0x0088
                           000089   151 _IE0	=	0x0089
                           00008A   152 _IT1	=	0x008a
                           00008B   153 _IE1	=	0x008b
                           00008C   154 _TR0	=	0x008c
                           00008D   155 _TF0	=	0x008d
                           00008E   156 _TR1	=	0x008e
                           00008F   157 _TF1	=	0x008f
                           000090   158 _P1_0	=	0x0090
                           000091   159 _P1_1	=	0x0091
                           000092   160 _P1_2	=	0x0092
                           000093   161 _P1_3	=	0x0093
                           000094   162 _P1_4	=	0x0094
                           000095   163 _P1_5	=	0x0095
                           000096   164 _P1_6	=	0x0096
                           000097   165 _P1_7	=	0x0097
                           000098   166 _RI	=	0x0098
                           000099   167 _TI	=	0x0099
                           00009A   168 _RB8	=	0x009a
                           00009B   169 _TB8	=	0x009b
                           00009C   170 _REN	=	0x009c
                           00009D   171 _SM2	=	0x009d
                           00009E   172 _SM1	=	0x009e
                           00009F   173 _SM0	=	0x009f
                           0000A0   174 _P2_0	=	0x00a0
                           0000A1   175 _P2_1	=	0x00a1
                           0000A2   176 _P2_2	=	0x00a2
                           0000A3   177 _P2_3	=	0x00a3
                           0000A4   178 _P2_4	=	0x00a4
                           0000A5   179 _P2_5	=	0x00a5
                           0000A6   180 _P2_6	=	0x00a6
                           0000A7   181 _P2_7	=	0x00a7
                           0000A8   182 _EX0	=	0x00a8
                           0000A9   183 _ET0	=	0x00a9
                           0000AA   184 _EX1	=	0x00aa
                           0000AB   185 _ET1	=	0x00ab
                           0000AC   186 _ES	=	0x00ac
                           0000AF   187 _EA	=	0x00af
                           0000B0   188 _P3_0	=	0x00b0
                           0000B1   189 _P3_1	=	0x00b1
                           0000B2   190 _P3_2	=	0x00b2
                           0000B3   191 _P3_3	=	0x00b3
                           0000B4   192 _P3_4	=	0x00b4
                           0000B5   193 _P3_5	=	0x00b5
                           0000B6   194 _P3_6	=	0x00b6
                           0000B7   195 _P3_7	=	0x00b7
                           0000B0   196 _RXD	=	0x00b0
                           0000B1   197 _TXD	=	0x00b1
                           0000B2   198 _INT0	=	0x00b2
                           0000B3   199 _INT1	=	0x00b3
                           0000B4   200 _T0	=	0x00b4
                           0000B5   201 _T1	=	0x00b5
                           0000B6   202 _WR	=	0x00b6
                           0000B7   203 _RD	=	0x00b7
                           0000B8   204 _PX0	=	0x00b8
                           0000B9   205 _PT0	=	0x00b9
                           0000BA   206 _PX1	=	0x00ba
                           0000BB   207 _PT1	=	0x00bb
                           0000BC   208 _PS	=	0x00bc
                           0000D0   209 _P	=	0x00d0
                           0000D1   210 _F1	=	0x00d1
                           0000D2   211 _OV	=	0x00d2
                           0000D3   212 _RS0	=	0x00d3
                           0000D4   213 _RS1	=	0x00d4
                           0000D5   214 _F0	=	0x00d5
                           0000D6   215 _AC	=	0x00d6
                           0000D7   216 _CY	=	0x00d7
                                    217 ;--------------------------------------------------------
                                    218 ; overlayable register banks
                                    219 ;--------------------------------------------------------
                                    220 	.area REG_BANK_0	(REL,OVR,DATA)
      000000                        221 	.ds 8
                                    222 ;--------------------------------------------------------
                                    223 ; internal ram data
                                    224 ;--------------------------------------------------------
                                    225 	.area DSEG    (DATA)
                                    226 ;--------------------------------------------------------
                                    227 ; overlayable items in internal ram 
                                    228 ;--------------------------------------------------------
                                    229 ;--------------------------------------------------------
                                    230 ; indirectly addressable internal ram data
                                    231 ;--------------------------------------------------------
                                    232 	.area ISEG    (DATA)
                                    233 ;--------------------------------------------------------
                                    234 ; absolute internal ram data
                                    235 ;--------------------------------------------------------
                                    236 	.area IABS    (ABS,DATA)
                                    237 	.area IABS    (ABS,DATA)
                                    238 ;--------------------------------------------------------
                                    239 ; bit data
                                    240 ;--------------------------------------------------------
                                    241 	.area BSEG    (BIT)
                                    242 ;--------------------------------------------------------
                                    243 ; paged external ram data
                                    244 ;--------------------------------------------------------
                                    245 	.area PSEG    (PAG,XDATA)
                                    246 ;--------------------------------------------------------
                                    247 ; external ram data
                                    248 ;--------------------------------------------------------
                                    249 	.area XSEG    (XDATA)
                                    250 ;--------------------------------------------------------
                                    251 ; absolute external ram data
                                    252 ;--------------------------------------------------------
                                    253 	.area XABS    (ABS,XDATA)
                                    254 ;--------------------------------------------------------
                                    255 ; external initialized ram data
                                    256 ;--------------------------------------------------------
                                    257 	.area XISEG   (XDATA)
                                    258 	.area HOME    (CODE)
                                    259 	.area GSINIT0 (CODE)
                                    260 	.area GSINIT1 (CODE)
                                    261 	.area GSINIT2 (CODE)
                                    262 	.area GSINIT3 (CODE)
                                    263 	.area GSINIT4 (CODE)
                                    264 	.area GSINIT5 (CODE)
                                    265 	.area GSINIT  (CODE)
                                    266 	.area GSFINAL (CODE)
                                    267 	.area CSEG    (CODE)
                                    268 ;--------------------------------------------------------
                                    269 ; global & static initialisations
                                    270 ;--------------------------------------------------------
                                    271 	.area HOME    (CODE)
                                    272 	.area GSINIT  (CODE)
                                    273 	.area GSFINAL (CODE)
                                    274 	.area GSINIT  (CODE)
                                    275 ;--------------------------------------------------------
                                    276 ; Home
                                    277 ;--------------------------------------------------------
                                    278 	.area HOME    (CODE)
                                    279 	.area HOME    (CODE)
                                    280 ;--------------------------------------------------------
                                    281 ; code
                                    282 ;--------------------------------------------------------
                                    283 	.area CSEG    (CODE)
                                    284 ;------------------------------------------------------------
                                    285 ;Allocation info for local variables in function 'init_ext_interrupt'
                                    286 ;------------------------------------------------------------
                                    287 ;	interrupts.c:3: void init_ext_interrupt()
                                    288 ;	-----------------------------------------
                                    289 ;	 function init_ext_interrupt
                                    290 ;	-----------------------------------------
      000000                        291 _init_ext_interrupt:
                           000007   292 	ar7 = 0x07
                           000006   293 	ar6 = 0x06
                           000005   294 	ar5 = 0x05
                           000004   295 	ar4 = 0x04
                           000003   296 	ar3 = 0x03
                           000002   297 	ar2 = 0x02
                           000001   298 	ar1 = 0x01
                           000000   299 	ar0 = 0x00
                                    300 ;	interrupts.c:5: IE |= 0x81; // Enable INT0
      000000 43 A8 81         [24]  301 	orl	_IE,#0x81
                                    302 ;	interrupts.c:6: IT0 = 1;	// Set Falling Edge Trigger for INT0
                                    303 ;	assignBit
      000003 D2 88            [12]  304 	setb	_IT0
                                    305 ;	interrupts.c:7: }
      000005 22               [24]  306 	ret
                                    307 ;------------------------------------------------------------
                                    308 ;Allocation info for local variables in function 'timer_init'
                                    309 ;------------------------------------------------------------
                                    310 ;	interrupts.c:9: void timer_init()
                                    311 ;	-----------------------------------------
                                    312 ;	 function timer_init
                                    313 ;	-----------------------------------------
      000006                        314 _timer_init:
                                    315 ;	interrupts.c:11: EA = 1; /* Enable global interrupt */
                                    316 ;	assignBit
      000006 D2 AF            [12]  317 	setb	_EA
                                    318 ;	interrupts.c:12: ET0 = 1;
                                    319 ;	assignBit
      000008 D2 A9            [12]  320 	setb	_ET0
                                    321 ;	interrupts.c:13: TMOD |= 0x01; /* Timer0 mode1 */
      00000A 43 89 01         [24]  322 	orl	_TMOD,#0x01
                                    323 ;	interrupts.c:14: TH0 = 0x2C;
      00000D 75 8C 2C         [24]  324 	mov	_TH0,#0x2c
                                    325 ;	interrupts.c:15: TL0 = 0x00;
      000010 75 8A 00         [24]  326 	mov	_TL0,#0x00
                                    327 ;	interrupts.c:16: TR0 = 1;
                                    328 ;	assignBit
      000013 D2 8C            [12]  329 	setb	_TR0
                                    330 ;	interrupts.c:17: }
      000015 22               [24]  331 	ret
                                    332 ;------------------------------------------------------------
                                    333 ;Allocation info for local variables in function 'disable_irq'
                                    334 ;------------------------------------------------------------
                                    335 ;	interrupts.c:19: void disable_irq()
                                    336 ;	-----------------------------------------
                                    337 ;	 function disable_irq
                                    338 ;	-----------------------------------------
      000016                        339 _disable_irq:
                                    340 ;	interrupts.c:21: EA = 0;
                                    341 ;	assignBit
      000016 C2 AF            [12]  342 	clr	_EA
                                    343 ;	interrupts.c:22: ET0 = 0;
                                    344 ;	assignBit
      000018 C2 A9            [12]  345 	clr	_ET0
                                    346 ;	interrupts.c:23: }
      00001A 22               [24]  347 	ret
                                    348 ;------------------------------------------------------------
                                    349 ;Allocation info for local variables in function 'enable_irq'
                                    350 ;------------------------------------------------------------
                                    351 ;	interrupts.c:25: void enable_irq()
                                    352 ;	-----------------------------------------
                                    353 ;	 function enable_irq
                                    354 ;	-----------------------------------------
      00001B                        355 _enable_irq:
                                    356 ;	interrupts.c:27: EA = 1;
                                    357 ;	assignBit
      00001B D2 AF            [12]  358 	setb	_EA
                                    359 ;	interrupts.c:28: ET0 = 1;
                                    360 ;	assignBit
      00001D D2 A9            [12]  361 	setb	_ET0
                                    362 ;	interrupts.c:29: }
      00001F 22               [24]  363 	ret
                                    364 	.area CSEG    (CODE)
                                    365 	.area CONST   (CODE)
                                    366 	.area XINIT   (CODE)
                                    367 	.area CABS    (ABS,CODE)
